<?xml version="1.0" encoding="UTF-8"?>
<!-- Generated by org.testng.reporters.JUnitReportReporter -->
<testsuite skipped="0" hostname="SPT-LPT-0297" name="com.xem.qa.testcases.HomePageTest" tests="1" failures="0" timestamp="25 Feb 2020 07:37:56 GMT" time="41.510" errors="0">
  <testcase name="searchTest" time="41.510" classname="com.xem.qa.testcases.HomePageTest"/>
</testsuite> <!-- com.xem.qa.testcases.HomePageTest -->
